[35m[Appium][39m Welcome to Appium v1.22.3
[35m[Appium][39m Non-default server args:
[35m[Appium][39m   port: 65277
[35m[Appium][39m   loglevel: info
[35m[Appium][39m   tmpDir: C:\Users\Foodics\AppData\Local\Temp\\Katalon\Appium\Temp1710977309910
[35m[Appium][39m Appium REST http interface listener started on 0.0.0.0:65277
[35m[HTTP][39m [37m-->[39m [37mGET[39m [37m/wd/hub/status[39m
[35m[HTTP][39m [90m{}[39m
[35m[HTTP][39m [37m<-- GET /wd/hub/status [39m[32m200[39m [90m4 ms - 68[39m
[35m[HTTP][39m [90m[39m
[35m[HTTP][39m [37m-->[39m [37mGET[39m [37m/wd/hub/status[39m
[35m[HTTP][39m [90m{}[39m
[35m[HTTP][39m [37m<-- GET /wd/hub/status [39m[32m200[39m [90m1 ms - 68[39m
[35m[HTTP][39m [90m[39m
[35m[HTTP][39m [37m-->[39m [37mPOST[39m [37m/wd/hub/session[39m
[35m[HTTP][39m [90m{"desiredCapabilities":{"app":"C:\\Users\\Foodics\\Downloads\\General-Store.apk","noReset":true,"newCommandTimeout":1800,"platformVersion":"13","automationName":"uiautomator2","autoGrantPermissions":true,"platformName":"Android","udid":"emulator-5554","deviceName":"emulator-5554 (sdk_gphone64_x86_64 - Android 13)","fullReset":false,"systemPort":65294},"capabilities":{"firstMatch":[{"appium:app":"C:\\Users\\Foodics\\Downloads\\General-Store.apk","appium:autoGrantPermissions":true,"appium:automationName":"uiautomator2","appium:deviceName":"emulator-5554 (sdk_gphone64_x86_64 - Android 13)","appium:fullReset":false,"appium:newCommandTimeout":1800,"appium:noReset":true,"platformName":"android","appium:platformVersion":"13","appium:systemPort":65294,"appium:udid":"emulator-5554"}]}}[39m
[35m[Appium][39m Appium v1.22.3 creating new AndroidUiautomator2Driver (v1.70.1) session
[35m[BaseDriver][39m Session created with session id: 225ce90e-1c86-449f-b57e-a58531f3b0d0
[35m[BaseDriver][39m Using local app 'C:\Users\Foodics\Downloads\General-Store.apk'
[35m[ADB][39m Found 2 'build-tools' folders under 'C:\Users\Foodics\AppData\Local\Android\Sdk' (newest first):
[35m[ADB][39m     C:/Users/Foodics/AppData/Local/Android/Sdk/build-tools/33.0.1
[35m[ADB][39m     C:/Users/Foodics/AppData/Local/Android/Sdk/build-tools/30.0.3
[35m[ADB][39m Using 'adb.exe' from 'C:\Users\Foodics\AppData\Local\Android\Sdk\platform-tools\adb.exe'
[35m[AndroidDriver][39m Retrieving device list
[35m[AndroidDriver][39m Using device: emulator-5554
[35m[ADB][39m Using 'adb.exe' from 'C:\Users\Foodics\AppData\Local\Android\Sdk\platform-tools\adb.exe'
[35m[ADB][39m Getting device platform version
[35m[UiAutomator2][39m Relaxing hidden api policy
[35m[ADB][39m Package name: 'com.androidsample.generalstore'
[35m[ADB][39m Main activity name: 'com.androidsample.generalstore.SplashActivity'
[35m[ADB][39m Using 'apksigner.jar' from 'C:\Users\Foodics\AppData\Local\Android\Sdk\build-tools\33.0.1\lib\apksigner.jar'
[35m[ADB][39m 'C:\Users\Foodics\AppData\Roaming\npm\node_modules\appium\node_modules\appium-uiautomator2-server\apks\appium-uiautomator2-server-v4.27.0.apk' is signed with the default certificate
[35m[ADB][39m 'C:\Users\Foodics\AppData\Roaming\npm\node_modules\appium\node_modules\appium-uiautomator2-server\apks\appium-uiautomator2-server-debug-androidTest.apk' is signed with the default certificate
[35m[UiAutomator2][39m Server packages are not going to be (re)installed
[35m[ADB][39m Adding packages ["io.appium.settings","io.appium.uiautomator2.server","io.appium.uiautomator2.server.test"] to Doze whitelist
[35m[ADB][39m 'C:\Users\Foodics\Downloads\General-Store.apk' is signed with the default certificate
[35m[ADB][39m The application at 'C:\Users\Foodics\Downloads\General-Store.apk' will not be cached, because the device under test has confirmed the support of streamed installs
[35m[ADB][39m The installation of 'General-Store.apk' took 325ms
[35m[UiAutomator2][39m Starting UIAutomator2 server 4.27.0
[35m[UiAutomator2][39m Using UIAutomator2 server from 'C:\Users\Foodics\AppData\Roaming\npm\node_modules\appium\node_modules\appium-uiautomator2-server\apks\appium-uiautomator2-server-v4.27.0.apk' and test from 'C:\Users\Foodics\AppData\Roaming\npm\node_modules\appium\node_modules\appium-uiautomator2-server\apks\appium-uiautomator2-server-debug-androidTest.apk'
[35m[UiAutomator2][39m Waiting up to 30000ms for UiAutomator2 to be online...
[35m[WD Proxy][39m socket hang up
[35m[WD Proxy][39m socket hang up
[35m[WD Proxy][39m socket hang up
[35m[WD Proxy][39m socket hang up
[35m[WD Proxy][39m Determined the downstream protocol as 'W3C'
[35m[AndroidDriver][39m Screen already unlocked, doing nothing
[35m[UiAutomator2][39m Starting 'com.androidsample.generalstore/com.androidsample.generalstore.SplashActivity and waiting for 'com.androidsample.generalstore/com.androidsample.generalstore.SplashActivity'
[35m[Appium][39m New AndroidUiautomator2Driver session created successfully, session 225ce90e-1c86-449f-b57e-a58531f3b0d0 added to master session list
[35m[HTTP][39m [37m<-- POST /wd/hub/session [39m[32m200[39m [90m11548 ms - 1225[39m
[35m[HTTP][39m [90m[39m
[35m[HTTP][39m [37m-->[39m [37mGET[39m [37m/wd/hub/session/225ce90e-1c86-449f-b57e-a58531f3b0d0[39m
[35m[HTTP][39m [90m{}[39m
[35m[HTTP][39m [37m<-- GET /wd/hub/session/225ce90e-1c86-449f-b57e-a58531f3b0d0 [39m[32m200[39m [90m15 ms - 1179[39m
[35m[HTTP][39m [90m[39m
[35m[HTTP][39m [37m-->[39m [37mGET[39m [37m/wd/hub/session/225ce90e-1c86-449f-b57e-a58531f3b0d0[39m
[35m[HTTP][39m [90m{}[39m
[35m[HTTP][39m [37m<-- GET /wd/hub/session/225ce90e-1c86-449f-b57e-a58531f3b0d0 [39m[32m200[39m [90m17 ms - 1179[39m
[35m[HTTP][39m [90m[39m
[35m[HTTP][39m [37m-->[39m [37mGET[39m [37m/wd/hub/status[39m
[35m[HTTP][39m [90m{}[39m
[35m[HTTP][39m [37m<-- GET /wd/hub/status [39m[32m200[39m [90m2 ms - 68[39m
[35m[HTTP][39m [90m[39m
[35m[HTTP][39m [37m-->[39m [37mPOST[39m [37m/wd/hub/session/225ce90e-1c86-449f-b57e-a58531f3b0d0/timeouts[39m
[35m[HTTP][39m [90m{"implicit":60000}[39m
[35m[HTTP][39m [37m<-- POST /wd/hub/session/225ce90e-1c86-449f-b57e-a58531f3b0d0/timeouts [39m[32m200[39m [90m3 ms - 14[39m
[35m[HTTP][39m [90m[39m
[35m[HTTP][39m [37m-->[39m [37mGET[39m [37m/wd/hub/session/225ce90e-1c86-449f-b57e-a58531f3b0d0/source[39m
[35m[HTTP][39m [90m{}[39m
[35m[W3C (225ce90e)][39m Driver proxy active, passing request on via HTTP proxy
[35m[WD Proxy][39m Replacing sessionId 787056f6-a855-4a2d-83ab-2478afa9f49c with 225ce90e-1c86-449f-b57e-a58531f3b0d0
[35m[HTTP][39m [37m<-- GET /wd/hub/session/225ce90e-1c86-449f-b57e-a58531f3b0d0/source [39m[32m200[39m [90m433 ms - 3747[39m
[35m[HTTP][39m [90m[39m
[35m[HTTP][39m [37m-->[39m [37mGET[39m [37m/wd/hub/session/225ce90e-1c86-449f-b57e-a58531f3b0d0/screenshot[39m
[35m[HTTP][39m [90m{}[39m
[35m[HTTP][39m [37m<-- GET /wd/hub/session/225ce90e-1c86-449f-b57e-a58531f3b0d0/screenshot [39m[32m200[39m [90m1158 ms - 79692[39m
[35m[HTTP][39m [90m[39m
[35m[HTTP][39m [37m-->[39m [37mGET[39m [37m/wd/hub/session/225ce90e-1c86-449f-b57e-a58531f3b0d0/source[39m
[35m[HTTP][39m [90m{}[39m
[35m[W3C (225ce90e)][39m Driver proxy active, passing request on via HTTP proxy
[35m[WD Proxy][39m Replacing sessionId 787056f6-a855-4a2d-83ab-2478afa9f49c with 225ce90e-1c86-449f-b57e-a58531f3b0d0
[35m[HTTP][39m [37m<-- GET /wd/hub/session/225ce90e-1c86-449f-b57e-a58531f3b0d0/source [39m[32m200[39m [90m104 ms - 11475[39m
[35m[HTTP][39m [90m[39m
[35m[HTTP][39m [37m-->[39m [37mGET[39m [37m/wd/hub/session/225ce90e-1c86-449f-b57e-a58531f3b0d0/screenshot[39m
[35m[HTTP][39m [90m{}[39m
[35m[HTTP][39m [37m<-- GET /wd/hub/session/225ce90e-1c86-449f-b57e-a58531f3b0d0/screenshot [39m[32m200[39m [90m796 ms - 633352[39m
[35m[HTTP][39m [90m[39m
[35m[HTTP][39m [37m-->[39m [37mPOST[39m [37m/wd/hub/session/225ce90e-1c86-449f-b57e-a58531f3b0d0/elements[39m
[35m[HTTP][39m [90m{"using":"xpath","value":"//*[@class = 'android.widget.TextView' and (@text = 'Afghanistan' or . = 'Afghanistan') and @resource-id = 'android:id/text1']"}[39m
[35m[HTTP][39m [37m<-- POST /wd/hub/session/225ce90e-1c86-449f-b57e-a58531f3b0d0/elements [39m[32m200[39m [90m473 ms - 139[39m
[35m[HTTP][39m [90m[39m
[35m[HTTP][39m [37m-->[39m [37mGET[39m [37m/wd/hub/session/225ce90e-1c86-449f-b57e-a58531f3b0d0/window/rect[39m
[35m[HTTP][39m [90m{}[39m
[35m[HTTP][39m [37m<-- GET /wd/hub/session/225ce90e-1c86-449f-b57e-a58531f3b0d0/window/rect [39m[32m200[39m [90m11 ms - 50[39m
[35m[HTTP][39m [90m[39m
[35m[HTTP][39m [37m-->[39m [37mPOST[39m [37m/wd/hub/session/225ce90e-1c86-449f-b57e-a58531f3b0d0/elements[39m
[35m[HTTP][39m [90m{"using":"xpath","value":"//*[@class = 'android.widget.TextView' and (@text = 'Afghanistan' or . = 'Afghanistan') and @resource-id = 'android:id/text1']"}[39m
[35m[HTTP][39m [37m<-- POST /wd/hub/session/225ce90e-1c86-449f-b57e-a58531f3b0d0/elements [39m[32m200[39m [90m43 ms - 139[39m
[35m[HTTP][39m [90m[39m
[35m[HTTP][39m [37m-->[39m [37mGET[39m [37m/wd/hub/session/225ce90e-1c86-449f-b57e-a58531f3b0d0/element/00000000-0000-007d-ffff-ffff00000024/location[39m
[35m[HTTP][39m [90m{}[39m
[35m[W3C (225ce90e)][39m Driver proxy active, passing request on via HTTP proxy
[35m[WD Proxy][39m Replacing sessionId 787056f6-a855-4a2d-83ab-2478afa9f49c with 225ce90e-1c86-449f-b57e-a58531f3b0d0
[35m[HTTP][39m [37m<-- GET /wd/hub/session/225ce90e-1c86-449f-b57e-a58531f3b0d0/element/00000000-0000-007d-ffff-ffff00000024/location [39m[32m200[39m [90m14 ms - 78[39m
[35m[HTTP][39m [90m[39m
[35m[HTTP][39m [37m-->[39m [37mPOST[39m [37m/wd/hub/session/225ce90e-1c86-449f-b57e-a58531f3b0d0/element/00000000-0000-007d-ffff-ffff00000024/click[39m
[35m[HTTP][39m [90m{"id":"00000000-0000-007d-ffff-ffff00000024"}[39m
[35m[HTTP][39m [37m<-- POST /wd/hub/session/225ce90e-1c86-449f-b57e-a58531f3b0d0/element/00000000-0000-007d-ffff-ffff00000024/click [39m[32m200[39m [90m71 ms - 14[39m
[35m[HTTP][39m [90m[39m
[35m[HTTP][39m [37m-->[39m [37mGET[39m [37m/wd/hub/session/225ce90e-1c86-449f-b57e-a58531f3b0d0/source[39m
[35m[HTTP][39m [90m{}[39m
[35m[W3C (225ce90e)][39m Driver proxy active, passing request on via HTTP proxy
[35m[WD Proxy][39m Replacing sessionId 787056f6-a855-4a2d-83ab-2478afa9f49c with 225ce90e-1c86-449f-b57e-a58531f3b0d0
[35m[HTTP][39m [37m<-- GET /wd/hub/session/225ce90e-1c86-449f-b57e-a58531f3b0d0/source [39m[32m200[39m [90m367 ms - 5330[39m
[35m[HTTP][39m [90m[39m
[35m[HTTP][39m [37m-->[39m [37mGET[39m [37m/wd/hub/session/225ce90e-1c86-449f-b57e-a58531f3b0d0/screenshot[39m
[35m[HTTP][39m [90m{}[39m
[35m[HTTP][39m [37m<-- GET /wd/hub/session/225ce90e-1c86-449f-b57e-a58531f3b0d0/screenshot [39m[32m200[39m [90m747 ms - 650780[39m
[35m[HTTP][39m [90m[39m
[35m[HTTP][39m [37m-->[39m [37mPOST[39m [37m/wd/hub/session/225ce90e-1c86-449f-b57e-a58531f3b0d0/elements[39m
[35m[HTTP][39m [90m{"using":"xpath","value":"//*[@class = 'android.widget.TextView' and (@text = 'Andorra' or . = 'Andorra') and @resource-id = 'android:id/text1']"}[39m
[35m[HTTP][39m [37m<-- POST /wd/hub/session/225ce90e-1c86-449f-b57e-a58531f3b0d0/elements [39m[32m200[39m [90m60 ms - 139[39m
[35m[HTTP][39m [90m[39m
[35m[HTTP][39m [37m-->[39m [37mGET[39m [37m/wd/hub/session/225ce90e-1c86-449f-b57e-a58531f3b0d0/window/rect[39m
[35m[HTTP][39m [90m{}[39m
[35m[HTTP][39m [37m<-- GET /wd/hub/session/225ce90e-1c86-449f-b57e-a58531f3b0d0/window/rect [39m[32m200[39m [90m17 ms - 50[39m
[35m[HTTP][39m [90m[39m
[35m[HTTP][39m [37m-->[39m [37mPOST[39m [37m/wd/hub/session/225ce90e-1c86-449f-b57e-a58531f3b0d0/elements[39m
[35m[HTTP][39m [90m{"using":"xpath","value":"//*[@class = 'android.widget.TextView' and (@text = 'Andorra' or . = 'Andorra') and @resource-id = 'android:id/text1']"}[39m
[35m[HTTP][39m [37m<-- POST /wd/hub/session/225ce90e-1c86-449f-b57e-a58531f3b0d0/elements [39m[32m200[39m [90m100 ms - 139[39m
[35m[HTTP][39m [90m[39m
[35m[HTTP][39m [37m-->[39m [37mGET[39m [37m/wd/hub/session/225ce90e-1c86-449f-b57e-a58531f3b0d0/element/00000000-0000-007e-ffff-ffff0000002d/location[39m
[35m[HTTP][39m [90m{}[39m
[35m[W3C (225ce90e)][39m Driver proxy active, passing request on via HTTP proxy
[35m[WD Proxy][39m Replacing sessionId 787056f6-a855-4a2d-83ab-2478afa9f49c with 225ce90e-1c86-449f-b57e-a58531f3b0d0
[35m[HTTP][39m [37m<-- GET /wd/hub/session/225ce90e-1c86-449f-b57e-a58531f3b0d0/element/00000000-0000-007e-ffff-ffff0000002d/location [39m[32m200[39m [90m79 ms - 79[39m
[35m[HTTP][39m [90m[39m
[35m[HTTP][39m [37m-->[39m [37mPOST[39m [37m/wd/hub/session/225ce90e-1c86-449f-b57e-a58531f3b0d0/element/00000000-0000-007e-ffff-ffff0000002d/click[39m
[35m[HTTP][39m [90m{"id":"00000000-0000-007e-ffff-ffff0000002d"}[39m
[35m[HTTP][39m [37m<-- POST /wd/hub/session/225ce90e-1c86-449f-b57e-a58531f3b0d0/element/00000000-0000-007e-ffff-ffff0000002d/click [39m[32m200[39m [90m774 ms - 14[39m
[35m[HTTP][39m [90m[39m
[35m[HTTP][39m [37m-->[39m [37mGET[39m [37m/wd/hub/session/225ce90e-1c86-449f-b57e-a58531f3b0d0/source[39m
[35m[HTTP][39m [90m{}[39m
[35m[W3C (225ce90e)][39m Driver proxy active, passing request on via HTTP proxy
[35m[WD Proxy][39m Replacing sessionId 787056f6-a855-4a2d-83ab-2478afa9f49c with 225ce90e-1c86-449f-b57e-a58531f3b0d0
[35m[HTTP][39m [37m<-- GET /wd/hub/session/225ce90e-1c86-449f-b57e-a58531f3b0d0/source [39m[32m200[39m [90m74 ms - 11471[39m
[35m[HTTP][39m [90m[39m
[35m[HTTP][39m [37m-->[39m [37mGET[39m [37m/wd/hub/session/225ce90e-1c86-449f-b57e-a58531f3b0d0/screenshot[39m
[35m[HTTP][39m [90m{}[39m
[35m[HTTP][39m [37m<-- GET /wd/hub/session/225ce90e-1c86-449f-b57e-a58531f3b0d0/screenshot [39m[32m200[39m [90m881 ms - 630816[39m
[35m[HTTP][39m [90m[39m
[35m[HTTP][39m [37m-->[39m [37mPOST[39m [37m/wd/hub/session/225ce90e-1c86-449f-b57e-a58531f3b0d0/elements[39m
[35m[HTTP][39m [90m{"using":"xpath","value":"//*[@class = 'android.widget.EditText' and (@text = 'Enter name here' or . = 'Enter name here') and @resource-id = 'com.androidsample.generalstore:id/nameField']"}[39m
[35m[HTTP][39m [37m<-- POST /wd/hub/session/225ce90e-1c86-449f-b57e-a58531f3b0d0/elements [39m[32m200[39m [90m63 ms - 139[39m
[35m[HTTP][39m [90m[39m
[35m[HTTP][39m [37m-->[39m [37mGET[39m [37m/wd/hub/session/225ce90e-1c86-449f-b57e-a58531f3b0d0/window/rect[39m
[35m[HTTP][39m [90m{}[39m
[35m[HTTP][39m [37m<-- GET /wd/hub/session/225ce90e-1c86-449f-b57e-a58531f3b0d0/window/rect [39m[32m200[39m [90m12 ms - 50[39m
[35m[HTTP][39m [90m[39m
[35m[HTTP][39m [37m-->[39m [37mPOST[39m [37m/wd/hub/session/225ce90e-1c86-449f-b57e-a58531f3b0d0/elements[39m
[35m[HTTP][39m [90m{"using":"xpath","value":"//*[@class = 'android.widget.EditText' and (@text = 'Enter name here' or . = 'Enter name here') and @resource-id = 'com.androidsample.generalstore:id/nameField']"}[39m
[35m[HTTP][39m [37m<-- POST /wd/hub/session/225ce90e-1c86-449f-b57e-a58531f3b0d0/elements [39m[32m200[39m [90m116 ms - 139[39m
[35m[HTTP][39m [90m[39m
[35m[HTTP][39m [37m-->[39m [37mGET[39m [37m/wd/hub/session/225ce90e-1c86-449f-b57e-a58531f3b0d0/element/00000000-0000-007d-ffff-ffff0000001c/location[39m
[35m[HTTP][39m [90m{}[39m
[35m[W3C (225ce90e)][39m Driver proxy active, passing request on via HTTP proxy
[35m[WD Proxy][39m Replacing sessionId 787056f6-a855-4a2d-83ab-2478afa9f49c with 225ce90e-1c86-449f-b57e-a58531f3b0d0
[35m[HTTP][39m [37m<-- GET /wd/hub/session/225ce90e-1c86-449f-b57e-a58531f3b0d0/element/00000000-0000-007d-ffff-ffff0000001c/location [39m[32m200[39m [90m16 ms - 78[39m
[35m[HTTP][39m [90m[39m
[35m[HTTP][39m [37m-->[39m [37mPOST[39m [37m/wd/hub/session/225ce90e-1c86-449f-b57e-a58531f3b0d0/element/00000000-0000-007d-ffff-ffff0000001c/clear[39m
[35m[HTTP][39m [90m{"id":"00000000-0000-007d-ffff-ffff0000001c"}[39m
[35m[HTTP][39m [37m<-- POST /wd/hub/session/225ce90e-1c86-449f-b57e-a58531f3b0d0/element/00000000-0000-007d-ffff-ffff0000001c/clear [39m[32m200[39m [90m19 ms - 14[39m
[35m[HTTP][39m [90m[39m
[35m[HTTP][39m [37m-->[39m [37mPOST[39m [37m/wd/hub/session/225ce90e-1c86-449f-b57e-a58531f3b0d0/element/00000000-0000-007d-ffff-ffff0000001c/click[39m
[35m[HTTP][39m [90m{"id":"00000000-0000-007d-ffff-ffff0000001c"}[39m
[35m[HTTP][39m [37m<-- POST /wd/hub/session/225ce90e-1c86-449f-b57e-a58531f3b0d0/element/00000000-0000-007d-ffff-ffff0000001c/click [39m[32m200[39m [90m1568 ms - 14[39m
[35m[HTTP][39m [90m[39m
[35m[HTTP][39m [37m-->[39m [37mPOST[39m [37m/wd/hub/session/225ce90e-1c86-449f-b57e-a58531f3b0d0/element/00000000-0000-007d-ffff-ffff0000001c/value[39m
[35m[HTTP][39m [90m{"id":"00000000-0000-007d-ffff-ffff0000001c","text":"Sara","value":["S","a","r","a"]}[39m
[35m[HTTP][39m [37m<-- POST /wd/hub/session/225ce90e-1c86-449f-b57e-a58531f3b0d0/element/00000000-0000-007d-ffff-ffff0000001c/value [39m[32m200[39m [90m722 ms - 14[39m
[35m[HTTP][39m [90m[39m
[35m[HTTP][39m [37m-->[39m [37mGET[39m [37m/wd/hub/session/225ce90e-1c86-449f-b57e-a58531f3b0d0/source[39m
[35m[HTTP][39m [90m{}[39m
[35m[W3C (225ce90e)][39m Driver proxy active, passing request on via HTTP proxy
[35m[WD Proxy][39m Replacing sessionId 787056f6-a855-4a2d-83ab-2478afa9f49c with 225ce90e-1c86-449f-b57e-a58531f3b0d0
[35m[HTTP][39m [37m<-- GET /wd/hub/session/225ce90e-1c86-449f-b57e-a58531f3b0d0/source [39m[32m200[39m [90m225 ms - 10574[39m
[35m[HTTP][39m [90m[39m
[35m[HTTP][39m [37m-->[39m [37mGET[39m [37m/wd/hub/session/225ce90e-1c86-449f-b57e-a58531f3b0d0/screenshot[39m
[35m[HTTP][39m [90m{}[39m
[35m[HTTP][39m [37m<-- GET /wd/hub/session/225ce90e-1c86-449f-b57e-a58531f3b0d0/screenshot [39m[32m200[39m [90m668 ms - 708174[39m
[35m[HTTP][39m [90m[39m
[35m[HTTP][39m [37m-->[39m [37mGET[39m [37m/wd/hub/session/225ce90e-1c86-449f-b57e-a58531f3b0d0/context[39m
[35m[HTTP][39m [90m{}[39m
[35m[HTTP][39m [37m<-- GET /wd/hub/session/225ce90e-1c86-449f-b57e-a58531f3b0d0/context [39m[32m200[39m [90m2 ms - 22[39m
[35m[HTTP][39m [90m[39m
[35m[HTTP][39m [37m-->[39m [37mGET[39m [37m/wd/hub/session/225ce90e-1c86-449f-b57e-a58531f3b0d0/contexts[39m
[35m[HTTP][39m [90m{}[39m
[35m[HTTP][39m [37m<-- GET /wd/hub/session/225ce90e-1c86-449f-b57e-a58531f3b0d0/contexts [39m[32m200[39m [90m153 ms - 24[39m
[35m[HTTP][39m [90m[39m
[35m[HTTP][39m [37m-->[39m [37mPOST[39m [37m/wd/hub/session/225ce90e-1c86-449f-b57e-a58531f3b0d0/context[39m
[35m[HTTP][39m [90m{"name":"NATIVE_APP"}[39m
[35m[HTTP][39m [37m<-- POST /wd/hub/session/225ce90e-1c86-449f-b57e-a58531f3b0d0/context [39m[32m200[39m [90m1 ms - 14[39m
[35m[HTTP][39m [90m[39m
[35m[HTTP][39m [37m-->[39m [37mPOST[39m [37m/wd/hub/session/225ce90e-1c86-449f-b57e-a58531f3b0d0/appium/device/hide_keyboard[39m
[35m[HTTP][39m [90m{}[39m
[35m[HTTP][39m [37m<-- POST /wd/hub/session/225ce90e-1c86-449f-b57e-a58531f3b0d0/appium/device/hide_keyboard [39m[32m200[39m [90m1368 ms - 14[39m
[35m[HTTP][39m [90m[39m
[35m[HTTP][39m [37m-->[39m [37mPOST[39m [37m/wd/hub/session/225ce90e-1c86-449f-b57e-a58531f3b0d0/context[39m
[35m[HTTP][39m [90m{"name":"NATIVE_APP"}[39m
[35m[HTTP][39m [37m<-- POST /wd/hub/session/225ce90e-1c86-449f-b57e-a58531f3b0d0/context [39m[32m200[39m [90m2 ms - 14[39m
[35m[HTTP][39m [90m[39m
[35m[HTTP][39m [37m-->[39m [37mGET[39m [37m/wd/hub/session/225ce90e-1c86-449f-b57e-a58531f3b0d0/source[39m
[35m[HTTP][39m [90m{}[39m
[35m[W3C (225ce90e)][39m Driver proxy active, passing request on via HTTP proxy
[35m[WD Proxy][39m Replacing sessionId 787056f6-a855-4a2d-83ab-2478afa9f49c with 225ce90e-1c86-449f-b57e-a58531f3b0d0
[35m[HTTP][39m [37m<-- GET /wd/hub/session/225ce90e-1c86-449f-b57e-a58531f3b0d0/source [39m[32m200[39m [90m79 ms - 11459[39m
[35m[HTTP][39m [90m[39m
[35m[HTTP][39m [37m-->[39m [37mGET[39m [37m/wd/hub/session/225ce90e-1c86-449f-b57e-a58531f3b0d0/screenshot[39m
[35m[HTTP][39m [90m{}[39m
[35m[HTTP][39m [37m<-- GET /wd/hub/session/225ce90e-1c86-449f-b57e-a58531f3b0d0/screenshot [39m[32m200[39m [90m558 ms - 629560[39m
[35m[HTTP][39m [90m[39m
[35m[HTTP][39m [37m-->[39m [37mPOST[39m [37m/wd/hub/session/225ce90e-1c86-449f-b57e-a58531f3b0d0/elements[39m
[35m[HTTP][39m [90m{"using":"xpath","value":"//*[@class = 'android.widget.RadioButton' and (@text = 'Female' or . = 'Female') and @resource-id = 'com.androidsample.generalstore:id/radioFemale']"}[39m
[35m[HTTP][39m [37m<-- POST /wd/hub/session/225ce90e-1c86-449f-b57e-a58531f3b0d0/elements [39m[32m200[39m [90m149 ms - 139[39m
[35m[HTTP][39m [90m[39m
[35m[HTTP][39m [37m-->[39m [37mGET[39m [37m/wd/hub/session/225ce90e-1c86-449f-b57e-a58531f3b0d0/window/rect[39m
[35m[HTTP][39m [90m{}[39m
[35m[HTTP][39m [37m<-- GET /wd/hub/session/225ce90e-1c86-449f-b57e-a58531f3b0d0/window/rect [39m[32m200[39m [90m12 ms - 50[39m
[35m[HTTP][39m [90m[39m
[35m[HTTP][39m [37m-->[39m [37mPOST[39m [37m/wd/hub/session/225ce90e-1c86-449f-b57e-a58531f3b0d0/elements[39m
[35m[HTTP][39m [90m{"using":"xpath","value":"//*[@class = 'android.widget.RadioButton' and (@text = 'Female' or . = 'Female') and @resource-id = 'com.androidsample.generalstore:id/radioFemale']"}[39m
[35m[HTTP][39m [37m<-- POST /wd/hub/session/225ce90e-1c86-449f-b57e-a58531f3b0d0/elements [39m[32m200[39m [90m50 ms - 139[39m
[35m[HTTP][39m [90m[39m
[35m[HTTP][39m [37m-->[39m [37mGET[39m [37m/wd/hub/session/225ce90e-1c86-449f-b57e-a58531f3b0d0/element/00000000-0000-007d-ffff-ffff00000020/location[39m
[35m[HTTP][39m [90m{}[39m
[35m[W3C (225ce90e)][39m Driver proxy active, passing request on via HTTP proxy
[35m[WD Proxy][39m Replacing sessionId 787056f6-a855-4a2d-83ab-2478afa9f49c with 225ce90e-1c86-449f-b57e-a58531f3b0d0
[35m[HTTP][39m [37m<-- GET /wd/hub/session/225ce90e-1c86-449f-b57e-a58531f3b0d0/element/00000000-0000-007d-ffff-ffff00000020/location [39m[32m200[39m [90m16 ms - 79[39m
[35m[HTTP][39m [90m[39m
[35m[HTTP][39m [37m-->[39m [37mPOST[39m [37m/wd/hub/session/225ce90e-1c86-449f-b57e-a58531f3b0d0/element/00000000-0000-007d-ffff-ffff00000020/click[39m
[35m[HTTP][39m [90m{"id":"00000000-0000-007d-ffff-ffff00000020"}[39m
[35m[HTTP][39m [37m<-- POST /wd/hub/session/225ce90e-1c86-449f-b57e-a58531f3b0d0/element/00000000-0000-007d-ffff-ffff00000020/click [39m[32m200[39m [90m64 ms - 14[39m
[35m[HTTP][39m [90m[39m
[35m[HTTP][39m [37m-->[39m [37mGET[39m [37m/wd/hub/session/225ce90e-1c86-449f-b57e-a58531f3b0d0/source[39m
[35m[HTTP][39m [90m{}[39m
[35m[W3C (225ce90e)][39m Driver proxy active, passing request on via HTTP proxy
[35m[WD Proxy][39m Replacing sessionId 787056f6-a855-4a2d-83ab-2478afa9f49c with 225ce90e-1c86-449f-b57e-a58531f3b0d0
[35m[HTTP][39m [37m<-- GET /wd/hub/session/225ce90e-1c86-449f-b57e-a58531f3b0d0/source [39m[32m200[39m [90m107 ms - 11459[39m
[35m[HTTP][39m [90m[39m
[35m[HTTP][39m [37m-->[39m [37mGET[39m [37m/wd/hub/session/225ce90e-1c86-449f-b57e-a58531f3b0d0/screenshot[39m
[35m[HTTP][39m [90m{}[39m
[35m[HTTP][39m [37m<-- GET /wd/hub/session/225ce90e-1c86-449f-b57e-a58531f3b0d0/screenshot [39m[32m200[39m [90m484 ms - 631120[39m
[35m[HTTP][39m [90m[39m
[35m[HTTP][39m [37m-->[39m [37mPOST[39m [37m/wd/hub/session/225ce90e-1c86-449f-b57e-a58531f3b0d0/elements[39m
[35m[HTTP][39m [90m{"using":"xpath","value":"//*[@class = 'android.widget.Button' and (@text = concat(\"Let\" , \"'\" , \"s  Shop\") or . = concat(\"Let\" , \"'\" , \"s  Shop\")) and @resource-id = 'com.androidsample.generalstore:id/btnLetsShop']"}[39m
[35m[HTTP][39m [37m<-- POST /wd/hub/session/225ce90e-1c86-449f-b57e-a58531f3b0d0/elements [39m[32m200[39m [90m75 ms - 139[39m
[35m[HTTP][39m [90m[39m
[35m[HTTP][39m [37m-->[39m [37mGET[39m [37m/wd/hub/session/225ce90e-1c86-449f-b57e-a58531f3b0d0/window/rect[39m
[35m[HTTP][39m [90m{}[39m
[35m[HTTP][39m [37m<-- GET /wd/hub/session/225ce90e-1c86-449f-b57e-a58531f3b0d0/window/rect [39m[32m200[39m [90m7 ms - 50[39m
[35m[HTTP][39m [90m[39m
[35m[HTTP][39m [37m-->[39m [37mPOST[39m [37m/wd/hub/session/225ce90e-1c86-449f-b57e-a58531f3b0d0/elements[39m
[35m[HTTP][39m [90m{"using":"xpath","value":"//*[@class = 'android.widget.Button' and (@text = concat(\"Let\" , \"'\" , \"s  Shop\") or . = concat(\"Let\" , \"'\" , \"s  Shop\")) and @resource-id = 'com.androidsample.generalstore:id/btnLetsShop']"}[39m
[35m[HTTP][39m [37m<-- POST /wd/hub/session/225ce90e-1c86-449f-b57e-a58531f3b0d0/elements [39m[32m200[39m [90m51 ms - 139[39m
[35m[HTTP][39m [90m[39m
[35m[HTTP][39m [37m-->[39m [37mGET[39m [37m/wd/hub/session/225ce90e-1c86-449f-b57e-a58531f3b0d0/element/00000000-0000-007d-ffff-ffff00000021/location[39m
[35m[HTTP][39m [90m{}[39m
[35m[W3C (225ce90e)][39m Driver proxy active, passing request on via HTTP proxy
[35m[WD Proxy][39m Replacing sessionId 787056f6-a855-4a2d-83ab-2478afa9f49c with 225ce90e-1c86-449f-b57e-a58531f3b0d0
[35m[HTTP][39m [37m<-- GET /wd/hub/session/225ce90e-1c86-449f-b57e-a58531f3b0d0/element/00000000-0000-007d-ffff-ffff00000021/location [39m[32m200[39m [90m24 ms - 79[39m
[35m[HTTP][39m [90m[39m
[35m[HTTP][39m [37m-->[39m [37mPOST[39m [37m/wd/hub/session/225ce90e-1c86-449f-b57e-a58531f3b0d0/element/00000000-0000-007d-ffff-ffff00000021/click[39m
[35m[HTTP][39m [90m{"id":"00000000-0000-007d-ffff-ffff00000021"}[39m
[35m[HTTP][39m [37m<-- POST /wd/hub/session/225ce90e-1c86-449f-b57e-a58531f3b0d0/element/00000000-0000-007d-ffff-ffff00000021/click [39m[32m200[39m [90m65 ms - 14[39m
[35m[HTTP][39m [90m[39m
[35m[HTTP][39m [37m-->[39m [37mGET[39m [37m/wd/hub/session/225ce90e-1c86-449f-b57e-a58531f3b0d0/source[39m
[35m[HTTP][39m [90m{}[39m
[35m[W3C (225ce90e)][39m Driver proxy active, passing request on via HTTP proxy
[35m[WD Proxy][39m Replacing sessionId 787056f6-a855-4a2d-83ab-2478afa9f49c with 225ce90e-1c86-449f-b57e-a58531f3b0d0
[35m[HTTP][39m [37m<-- GET /wd/hub/session/225ce90e-1c86-449f-b57e-a58531f3b0d0/source [39m[32m200[39m [90m820 ms - 17686[39m
[35m[HTTP][39m [90m[39m
[35m[HTTP][39m [37m-->[39m [37mGET[39m [37m/wd/hub/session/225ce90e-1c86-449f-b57e-a58531f3b0d0/screenshot[39m
[35m[HTTP][39m [90m{}[39m
[35m[HTTP][39m [37m<-- GET /wd/hub/session/225ce90e-1c86-449f-b57e-a58531f3b0d0/screenshot [39m[32m200[39m [90m261 ms - 343094[39m
[35m[HTTP][39m [90m[39m
[35m[HTTP][39m [37m-->[39m [37mPOST[39m [37m/wd/hub/session/225ce90e-1c86-449f-b57e-a58531f3b0d0/elements[39m
[35m[HTTP][39m [90m{"using":"xpath","value":"//*[@class = 'android.widget.TextView' and (@text = 'ADD TO CART' or . = 'ADD TO CART') and @resource-id = 'com.androidsample.generalstore:id/productAddCart']"}[39m
[35m[HTTP][39m [37m<-- POST /wd/hub/session/225ce90e-1c86-449f-b57e-a58531f3b0d0/elements [39m[32m200[39m [90m245 ms - 267[39m
[35m[HTTP][39m [90m[39m
[35m[HTTP][39m [37m-->[39m [37mPOST[39m [37m/wd/hub/session/225ce90e-1c86-449f-b57e-a58531f3b0d0/elements[39m
[35m[HTTP][39m [90m{"using":"id","value":"com.androidsample.generalstore:id/productAddCart"}[39m
[35m[HTTP][39m [37m<-- POST /wd/hub/session/225ce90e-1c86-449f-b57e-a58531f3b0d0/elements [39m[32m200[39m [90m22 ms - 267[39m
[35m[HTTP][39m [90m[39m
[35m[HTTP][39m [37m-->[39m [37mPOST[39m [37m/wd/hub/session/225ce90e-1c86-449f-b57e-a58531f3b0d0/elements[39m
[35m[HTTP][39m [90m{"using":"-android uiautomator","value":"new UiSelector().className(\"android.widget.TextView\").text(\"ADD TO CART\").resourceId(\"com.androidsample.generalstore:id/productAddCart\")"}[39m
[35m[HTTP][39m [37m<-- POST /wd/hub/session/225ce90e-1c86-449f-b57e-a58531f3b0d0/elements [39m[32m200[39m [90m38 ms - 267[39m
[35m[HTTP][39m [90m[39m
[35m[HTTP][39m [37m-->[39m [37mGET[39m [37m/wd/hub/session/225ce90e-1c86-449f-b57e-a58531f3b0d0/window/rect[39m
[35m[HTTP][39m [90m{}[39m
[35m[HTTP][39m [37m<-- GET /wd/hub/session/225ce90e-1c86-449f-b57e-a58531f3b0d0/window/rect [39m[32m200[39m [90m8 ms - 50[39m
[35m[HTTP][39m [90m[39m
[35m[HTTP][39m [37m-->[39m [37mPOST[39m [37m/wd/hub/session/225ce90e-1c86-449f-b57e-a58531f3b0d0/elements[39m
[35m[HTTP][39m [90m{"using":"xpath","value":"//hierarchy/android.widget.FrameLayout[1]/android.widget.LinearLayout[1]/android.widget.FrameLayout[1]/android.widget.LinearLayout[1]/android.widget.FrameLayout[1]/android.view.ViewGroup[1]/android.widget.RelativeLayout[1]/android.widget.FrameLayout[1]/android.support.v7.widget.RecyclerView[1]/android.widget.RelativeLayout[1]/android.widget.LinearLayout[1]/android.widget.LinearLayout[2]/android.widget.TextView[2]"}[39m
[35m[HTTP][39m [37m<-- POST /wd/hub/session/225ce90e-1c86-449f-b57e-a58531f3b0d0/elements [39m[32m200[39m [90m44 ms - 139[39m
[35m[HTTP][39m [90m[39m
[35m[HTTP][39m [37m-->[39m [37mGET[39m [37m/wd/hub/session/225ce90e-1c86-449f-b57e-a58531f3b0d0/element/00000000-0000-007f-ffff-ffff00000050/location[39m
[35m[HTTP][39m [90m{}[39m
[35m[W3C (225ce90e)][39m Driver proxy active, passing request on via HTTP proxy
[35m[WD Proxy][39m Replacing sessionId 787056f6-a855-4a2d-83ab-2478afa9f49c with 225ce90e-1c86-449f-b57e-a58531f3b0d0
[35m[HTTP][39m [37m<-- GET /wd/hub/session/225ce90e-1c86-449f-b57e-a58531f3b0d0/element/00000000-0000-007f-ffff-ffff00000050/location [39m[32m200[39m [90m11 ms - 78[39m
[35m[HTTP][39m [90m[39m
[35m[HTTP][39m [37m-->[39m [37mPOST[39m [37m/wd/hub/session/225ce90e-1c86-449f-b57e-a58531f3b0d0/element/00000000-0000-007f-ffff-ffff00000050/click[39m
[35m[HTTP][39m [90m{"id":"00000000-0000-007f-ffff-ffff00000050"}[39m
[35m[HTTP][39m [37m<-- POST /wd/hub/session/225ce90e-1c86-449f-b57e-a58531f3b0d0/element/00000000-0000-007f-ffff-ffff00000050/click [39m[32m200[39m [90m544 ms - 14[39m
[35m[HTTP][39m [90m[39m
[35m[HTTP][39m [37m-->[39m [37mGET[39m [37m/wd/hub/session/225ce90e-1c86-449f-b57e-a58531f3b0d0/source[39m
[35m[HTTP][39m [90m{}[39m
[35m[W3C (225ce90e)][39m Driver proxy active, passing request on via HTTP proxy
[35m[WD Proxy][39m Replacing sessionId 787056f6-a855-4a2d-83ab-2478afa9f49c with 225ce90e-1c86-449f-b57e-a58531f3b0d0
[35m[HTTP][39m [37m<-- GET /wd/hub/session/225ce90e-1c86-449f-b57e-a58531f3b0d0/source [39m[32m200[39m [90m42 ms - 18151[39m
[35m[HTTP][39m [90m[39m
[35m[HTTP][39m [37m-->[39m [37mGET[39m [37m/wd/hub/session/225ce90e-1c86-449f-b57e-a58531f3b0d0/screenshot[39m
[35m[HTTP][39m [90m{}[39m
[35m[HTTP][39m [37m<-- GET /wd/hub/session/225ce90e-1c86-449f-b57e-a58531f3b0d0/screenshot [39m[32m200[39m [90m396 ms - 345488[39m
[35m[HTTP][39m [90m[39m
[35m[HTTP][39m [37m-->[39m [37mPOST[39m [37m/wd/hub/session/225ce90e-1c86-449f-b57e-a58531f3b0d0/elements[39m
[35m[HTTP][39m [90m{"using":"xpath","value":"//*[@class = 'android.widget.ImageButton' and @resource-id = 'com.androidsample.generalstore:id/appbar_btn_cart' and (@text = '' or . = '')]"}[39m
[35m[HTTP][39m [37m<-- POST /wd/hub/session/225ce90e-1c86-449f-b57e-a58531f3b0d0/elements [39m[32m200[39m [90m163 ms - 139[39m
[35m[HTTP][39m [90m[39m
[35m[HTTP][39m [37m-->[39m [37mGET[39m [37m/wd/hub/session/225ce90e-1c86-449f-b57e-a58531f3b0d0/window/rect[39m
[35m[HTTP][39m [90m{}[39m
[35m[HTTP][39m [37m<-- GET /wd/hub/session/225ce90e-1c86-449f-b57e-a58531f3b0d0/window/rect [39m[32m200[39m [90m9 ms - 50[39m
[35m[HTTP][39m [90m[39m
[35m[HTTP][39m [37m-->[39m [37mPOST[39m [37m/wd/hub/session/225ce90e-1c86-449f-b57e-a58531f3b0d0/elements[39m
[35m[HTTP][39m [90m{"using":"xpath","value":"//*[@class = 'android.widget.ImageButton' and @resource-id = 'com.androidsample.generalstore:id/appbar_btn_cart' and (@text = '' or . = '')]"}[39m
[35m[HTTP][39m [37m<-- POST /wd/hub/session/225ce90e-1c86-449f-b57e-a58531f3b0d0/elements [39m[32m200[39m [90m56 ms - 139[39m
[35m[HTTP][39m [90m[39m
[35m[HTTP][39m [37m-->[39m [37mGET[39m [37m/wd/hub/session/225ce90e-1c86-449f-b57e-a58531f3b0d0/element/00000000-0000-007f-ffff-ffff00000043/location[39m
[35m[HTTP][39m [90m{}[39m
[35m[W3C (225ce90e)][39m Driver proxy active, passing request on via HTTP proxy
[35m[WD Proxy][39m Replacing sessionId 787056f6-a855-4a2d-83ab-2478afa9f49c with 225ce90e-1c86-449f-b57e-a58531f3b0d0
[35m[HTTP][39m [37m<-- GET /wd/hub/session/225ce90e-1c86-449f-b57e-a58531f3b0d0/element/00000000-0000-007f-ffff-ffff00000043/location [39m[32m200[39m [90m11 ms - 77[39m
[35m[HTTP][39m [90m[39m
[35m[HTTP][39m [37m-->[39m [37mPOST[39m [37m/wd/hub/session/225ce90e-1c86-449f-b57e-a58531f3b0d0/element/00000000-0000-007f-ffff-ffff00000043/click[39m
[35m[HTTP][39m [90m{"id":"00000000-0000-007f-ffff-ffff00000043"}[39m
[35m[HTTP][39m [37m<-- POST /wd/hub/session/225ce90e-1c86-449f-b57e-a58531f3b0d0/element/00000000-0000-007f-ffff-ffff00000043/click [39m[32m200[39m [90m61 ms - 14[39m
[35m[HTTP][39m [90m[39m
[35m[HTTP][39m [37m-->[39m [37mGET[39m [37m/wd/hub/session/225ce90e-1c86-449f-b57e-a58531f3b0d0/source[39m
[35m[HTTP][39m [90m{}[39m
[35m[W3C (225ce90e)][39m Driver proxy active, passing request on via HTTP proxy
[35m[WD Proxy][39m Replacing sessionId 787056f6-a855-4a2d-83ab-2478afa9f49c with 225ce90e-1c86-449f-b57e-a58531f3b0d0
[35m[HTTP][39m [37m<-- GET /wd/hub/session/225ce90e-1c86-449f-b57e-a58531f3b0d0/source [39m[32m200[39m [90m589 ms - 14909[39m
[35m[HTTP][39m [90m[39m
[35m[HTTP][39m [37m-->[39m [37mGET[39m [37m/wd/hub/session/225ce90e-1c86-449f-b57e-a58531f3b0d0/screenshot[39m
[35m[HTTP][39m [90m{}[39m
[35m[HTTP][39m [37m<-- GET /wd/hub/session/225ce90e-1c86-449f-b57e-a58531f3b0d0/screenshot [39m[32m200[39m [90m250 ms - 241132[39m
[35m[HTTP][39m [90m[39m
[35m[HTTP][39m [37m-->[39m [37mPOST[39m [37m/wd/hub/session/225ce90e-1c86-449f-b57e-a58531f3b0d0/elements[39m
[35m[HTTP][39m [90m{"using":"xpath","value":"//*[@class = 'android.widget.ImageView' and @resource-id = 'com.androidsample.generalstore:id/productImage' and (@text = '' or . = '')]"}[39m
[35m[HTTP][39m [37m<-- POST /wd/hub/session/225ce90e-1c86-449f-b57e-a58531f3b0d0/elements [39m[32m200[39m [90m44 ms - 139[39m
[35m[HTTP][39m [90m[39m
[35m[HTTP][39m [37m-->[39m [37mPOST[39m [37m/wd/hub/session/225ce90e-1c86-449f-b57e-a58531f3b0d0/elements[39m
[35m[HTTP][39m [90m{"using":"xpath","value":"//*[@class = 'android.widget.ImageView' and @resource-id = 'com.androidsample.generalstore:id/productImage' and (@text = '' or . = '')]"}[39m
[35m[HTTP][39m [37m<-- POST /wd/hub/session/225ce90e-1c86-449f-b57e-a58531f3b0d0/elements [39m[32m200[39m [90m60 ms - 139[39m
[35m[HTTP][39m [90m[39m
[35m[HTTP][39m [37m-->[39m [37mGET[39m [37m/wd/hub/session/225ce90e-1c86-449f-b57e-a58531f3b0d0/source[39m
[35m[HTTP][39m [90m{}[39m
[35m[W3C (225ce90e)][39m Driver proxy active, passing request on via HTTP proxy
[35m[WD Proxy][39m Replacing sessionId 787056f6-a855-4a2d-83ab-2478afa9f49c with 225ce90e-1c86-449f-b57e-a58531f3b0d0
[35m[HTTP][39m [37m<-- GET /wd/hub/session/225ce90e-1c86-449f-b57e-a58531f3b0d0/source [39m[32m200[39m [90m32 ms - 14909[39m
[35m[HTTP][39m [90m[39m
[35m[HTTP][39m [37m-->[39m [37mGET[39m [37m/wd/hub/session/225ce90e-1c86-449f-b57e-a58531f3b0d0/screenshot[39m
[35m[HTTP][39m [90m{}[39m
[35m[HTTP][39m [37m<-- GET /wd/hub/session/225ce90e-1c86-449f-b57e-a58531f3b0d0/screenshot [39m[32m200[39m [90m319 ms - 241152[39m
[35m[HTTP][39m [90m[39m
[35m[HTTP][39m [37m-->[39m [37mDELETE[39m [37m/wd/hub/session/225ce90e-1c86-449f-b57e-a58531f3b0d0[39m
[35m[HTTP][39m [90m{}[39m
[35m[Appium][39m Removing session 225ce90e-1c86-449f-b57e-a58531f3b0d0 from our master session list
[35m[UiAutomator2][39m Restoring hidden api policy to the device default configuration
[35m[HTTP][39m [37m<-- DELETE /wd/hub/session/225ce90e-1c86-449f-b57e-a58531f3b0d0 [39m[32m200[39m [90m585 ms - 14[39m
[35m[HTTP][39m [90m[39m
